<?xml version="1.0" encoding="UTF-8"?>
<!-- Generated by org.testng.reporters.JUnitXMLReporter -->
<testsuite ignored="1" hostname="DESKTOP-FAAJO8O" failures="0" tests="3" name="Test" time="0.115" errors="0" timestamp="2022-03-16T00:10:44 IST">
  <testcase classname="com.test.testng.calsses.LoginTest" name="TC2" time="0.017"/>
  <testcase classname="com.test.testng.calsses.LoginTest" name="TC3" time="0.005"/>
  <testcase classname="com.test.testng.calsses.LoginTest" name="TC1" time="0.009"/>
  <testcase classname="com.test.testng.calsses.NewTest" name="f" time="0.0">
    <ignored/>
  </testcase> <!-- f -->
</testsuite> <!-- Test -->
