<?xml version="1.0" encoding="UTF-8"?>
<testng-results ignored="1" total="4" passed="3" failed="0" skipped="0">
  <reporter-output>
    <line>
      <![CDATA[I am Login information from TC3]]>
    </line>
  </reporter-output>
  <suite started-at="2022-03-16T00:10:44 IST" name="Suite" finished-at="2022-03-16T00:10:44 IST" duration-ms="115">
    <groups>
      <group name="regression">
        <method signature="LoginTest.TC3()[pri:0, instance:com.test.testng.calsses.LoginTest@776b83cc]" name="TC3" class="com.test.testng.calsses.LoginTest"/>
        <method signature="LoginTest.TC1()[pri:2, instance:com.test.testng.calsses.LoginTest@776b83cc]" name="TC1" class="com.test.testng.calsses.LoginTest"/>
      </group> <!-- regression -->
      <group name="smoke">
        <method signature="LoginTest.TC1()[pri:2, instance:com.test.testng.calsses.LoginTest@776b83cc]" name="TC1" class="com.test.testng.calsses.LoginTest"/>
      </group> <!-- smoke -->
      <group name="sanity">
        <method signature="LoginTest.TC2()[pri:1, instance:com.test.testng.calsses.LoginTest@776b83cc]" name="TC2" class="com.test.testng.calsses.LoginTest"/>
        <method signature="LoginTest.TC1()[pri:2, instance:com.test.testng.calsses.LoginTest@776b83cc]" name="TC1" class="com.test.testng.calsses.LoginTest"/>
      </group> <!-- sanity -->
    </groups>
    <test started-at="2022-03-16T00:10:44 IST" name="Test" finished-at="2022-03-16T00:10:44 IST" duration-ms="115">
      <class name="com.test.testng.calsses.LoginTest">
        <test-method signature="TC2()[pri:1, instance:com.test.testng.calsses.LoginTest@776b83cc]" started-at="2022-03-16T00:10:44 IST" name="TC2" description="Verify that system should not allow to login with invalid credential" finished-at="2022-03-16T00:10:44 IST" duration-ms="17" status="PASS">
          <reporter-output>
          </reporter-output>
        </test-method> <!-- TC2 -->
        <test-method signature="TC3()[pri:0, instance:com.test.testng.calsses.LoginTest@776b83cc]" started-at="2022-03-16T00:10:44 IST" name="TC3" description="Verify the forgot password functionality" finished-at="2022-03-16T00:10:44 IST" depends-on-methods="com.test.testng.calsses.LoginTest.TC2" duration-ms="5" status="PASS">
          <reporter-output>
            <line>
              <![CDATA[I am Login information from TC3]]>
            </line>
          </reporter-output>
        </test-method> <!-- TC3 -->
        <test-method signature="TC1()[pri:2, instance:com.test.testng.calsses.LoginTest@776b83cc]" started-at="2022-03-16T00:10:44 IST" name="TC1" description="Verify that user is able to login with valid cridential" finished-at="2022-03-16T00:10:44 IST" duration-ms="9" status="PASS">
          <reporter-output>
          </reporter-output>
        </test-method> <!-- TC1 -->
      </class> <!-- com.test.testng.calsses.LoginTest -->
    </test> <!-- Test -->
  </suite> <!-- Suite -->
</testng-results>
