<?xml version="1.0" encoding="UTF-8"?>
<!-- Generated by org.testng.reporters.JUnitXMLReporter -->
<testsuite ignored="0" hostname="DESKTOP-FAAJO8O" failures="0" tests="3" name="Default test" time="0.098" errors="0" timestamp="2022-03-20T00:27:55 IST">
  <testcase classname="com.test.testng.calsses.TestNGBasics" name="GogleLogoTest" time="0.01"/>
  <testcase classname="com.test.testng.calsses.TestNGBasics" name="googeltitleTest" time="0.005"/>
  <testcase classname="com.test.testng.calsses.TestNGBasics" name="searchtest" time="0.002"/>
</testsuite> <!-- Default test -->
