<?xml version="1.0" encoding="UTF-8"?>
<!-- Generated by org.testng.reporters.JUnitXMLReporter -->
<testsuite ignored="1" hostname="DESKTOP-FAAJO8O" failures="0" tests="9" name="Default test" time="0.132" errors="0" timestamp="2022-03-15T16:43:33 IST">
  <testcase classname="com.test.testng.calsses.LoginTest" name="TC2" time="0.016"/>
  <testcase classname="com.test.testng.calsses.LoginTest" name="TC1" time="0.004"/>
  <testcase classname="com.test.testng.calsses.LoginTest" name="TC1" time="0.002"/>
  <testcase classname="com.test.testng.calsses.LoginTest" name="TC1" time="0.002"/>
  <testcase classname="com.test.testng.calsses.LoginTest" name="TC1" time="0.002"/>
  <testcase classname="com.test.testng.calsses.LoginTest" name="TC1" time="0.003"/>
  <testcase classname="com.test.testng.calsses.LoginTest" name="TC4" time="0.003"/>
  <testcase classname="com.test.testng.calsses.LoginTest" name="TC5" time="0.002"/>
  <testcase classname="com.test.testng.calsses.LoginTest" name="TC6" time="0.001"/>
  <testcase classname="com.test.testng.calsses.LoginTest" name="TC3" time="0.0">
    <ignored/>
  </testcase> <!-- TC3 -->
</testsuite> <!-- Default test -->
